{"contracts/ERC20.sol":{"l":{"20":1,"21":1,"22":1,"24":1,"31":5,"32":2,"36":4,"37":4,"38":4,"39":4,"47":3,"48":2,"52":1,"54":1,"62":6,"63":4,"65":4,"66":3,"67":3,"69":3,"70":3,"74":1,"76":1,"77":1,"78":1},"path":"/home/almarat/SOLIDITY PROJECT/Mary-go-round-Dapp/contracts/ERC20.sol","s":{"1":1,"2":5,"3":2,"4":4,"5":4,"6":4,"7":3,"8":2,"9":1,"10":6,"11":4,"12":4,"13":3,"14":3,"15":1,"16":1},"b":{"1":[4,0],"2":[2,1],"3":[1,1],"4":[4,2],"5":[4,0],"6":[3,1],"7":[1,0]},"f":{"1":1,"2":5,"3":4,"4":3,"5":6,"6":1},"fnMap":{"1":{"name":"constructor","line":19,"loc":{"start":{"line":19,"column":4},"end":{"line":25,"column":4}}},"2":{"name":"transfer","line":27,"loc":{"start":{"line":27,"column":4},"end":{"line":33,"column":4}}},"3":{"name":"approve","line":35,"loc":{"start":{"line":35,"column":4},"end":{"line":40,"column":4}}},"4":{"name":"transferFrom","line":42,"loc":{"start":{"line":42,"column":4},"end":{"line":55,"column":4}}},"5":{"name":"_transfer","line":57,"loc":{"start":{"line":57,"column":4},"end":{"line":71,"column":4}}},"6":{"name":"_mint","line":73,"loc":{"start":{"line":73,"column":4},"end":{"line":79,"column":4}}}},"statementMap":{"1":{"start":{"line":24,"column":8},"end":{"line":24,"column":30}},"2":{"start":{"line":31,"column":8},"end":{"line":31,"column":61}},"3":{"start":{"line":32,"column":8},"end":{"line":32,"column":20}},"4":{"start":{"line":36,"column":8},"end":{"line":36,"column":61}},"5":{"start":{"line":38,"column":8},"end":{"line":38,"column":50}},"6":{"start":{"line":39,"column":8},"end":{"line":39,"column":19}},"7":{"start":{"line":47,"column":8},"end":{"line":47,"column":65}},"8":{"start":{"line":48,"column":8},"end":{"line":48,"column":1390}},"9":{"start":{"line":54,"column":8},"end":{"line":54,"column":51}},"10":{"start":{"line":62,"column":8},"end":{"line":62,"column":65}},"11":{"start":{"line":63,"column":8},"end":{"line":63,"column":59}},"12":{"start":{"line":65,"column":8},"end":{"line":65,"column":65}},"13":{"start":{"line":69,"column":8},"end":{"line":69,"column":48}},"14":{"start":{"line":70,"column":8},"end":{"line":70,"column":19}},"15":{"start":{"line":74,"column":8},"end":{"line":74,"column":64}},"16":{"start":{"line":78,"column":8},"end":{"line":78,"column":45}}},"branchMap":{"1":{"line":36,"type":"if","locations":[{"start":{"line":36,"column":8},"end":{"line":36,"column":8}},{"start":{"line":36,"column":8},"end":{"line":36,"column":8}}]},"2":{"line":47,"type":"if","locations":[{"start":{"line":47,"column":8},"end":{"line":47,"column":8}},{"start":{"line":47,"column":8},"end":{"line":47,"column":8}}]},"3":{"line":48,"type":"if","locations":[{"start":{"line":48,"column":8},"end":{"line":48,"column":8}},{"start":{"line":48,"column":8},"end":{"line":48,"column":8}}]},"4":{"line":62,"type":"if","locations":[{"start":{"line":62,"column":8},"end":{"line":62,"column":8}},{"start":{"line":62,"column":8},"end":{"line":62,"column":8}}]},"5":{"line":63,"type":"if","locations":[{"start":{"line":63,"column":8},"end":{"line":63,"column":8}},{"start":{"line":63,"column":8},"end":{"line":63,"column":8}}]},"6":{"line":65,"type":"if","locations":[{"start":{"line":65,"column":8},"end":{"line":65,"column":8}},{"start":{"line":65,"column":8},"end":{"line":65,"column":8}}]},"7":{"line":74,"type":"if","locations":[{"start":{"line":74,"column":8},"end":{"line":74,"column":8}},{"start":{"line":74,"column":8},"end":{"line":74,"column":8}}]}}},"contracts/Marygoround.sol":{"l":{"21":92,"22":91,"26":40,"30":39,"34":1,"35":1,"41":91,"42":90,"43":90,"44":90,"50":18,"51":17,"52":17,"53":17,"59":10,"63":10,"64":9,"69":8,"74":7,"75":7,"76":7,"78":7,"79":7,"86":7,"87":7,"89":6,"91":6,"93":6,"95":5,"96":1,"98":1,"100":2,"102":1,"106":1,"110":6,"115":6,"116":6,"118":5,"119":5,"120":5,"122":5,"125":5,"126":1,"127":1,"134":2,"138":1,"140":1,"141":1,"142":1,"144":1,"145":1,"148":1,"149":0,"152":1,"153":10,"154":10,"156":10,"160":10,"161":0,"162":0,"165":10,"166":10,"170":1,"184":1,"193":1,"194":1},"path":"/home/almarat/SOLIDITY PROJECT/Mary-go-round-Dapp/contracts/Marygoround.sol","s":{"1":92,"2":40,"3":91,"4":90,"5":90,"6":18,"7":17,"8":10,"9":10,"10":9,"11":8,"12":7,"13":7,"14":7,"15":7,"16":6,"17":6,"18":6,"19":5,"20":4,"21":3,"22":6,"23":6,"24":6,"25":5,"26":5,"27":1,"28":2,"29":1,"30":1,"31":1,"32":1,"33":1,"34":1,"35":1,"36":10,"37":10,"38":10,"39":10,"40":0,"41":10,"42":10,"43":1,"44":1,"45":1},"b":{"1":[91,1],"2":[39,1],"3":[91,1],"4":[90,1],"5":[18,0],"6":[17,1],"7":[10,0],"8":[10,0],"9":[9,1],"10":[8,1],"11":[7,1],"12":[7,0],"13":[6,1],"14":[5,1],"15":[1,4],"16":[1,3],"17":[2,1],"18":[6,0],"19":[5,1],"20":[1,4],"21":[2,1],"22":[1,1],"23":[1,0],"24":[1,0],"25":[0,1],"26":[10,0],"27":[0,10],"28":[1,0],"29":[1,0]},"f":{"1":92,"2":40,"3":1,"4":91,"5":18,"6":10,"7":7,"8":2,"9":1,"10":1},"fnMap":{"1":{"name":"onlyOwner","line":20,"loc":{"start":{"line":20,"column":4},"end":{"line":23,"column":4}}},"2":{"name":"onlyMember","line":25,"loc":{"start":{"line":25,"column":4},"end":{"line":31,"column":4}}},"3":{"name":"constructor","line":33,"loc":{"start":{"line":33,"column":4},"end":{"line":36,"column":4}}},"4":{"name":"addMember","line":40,"loc":{"start":{"line":40,"column":4},"end":{"line":45,"column":4}}},"5":{"name":"save","line":49,"loc":{"start":{"line":49,"column":4},"end":{"line":54,"column":4}}},"6":{"name":"requestLoan","line":58,"loc":{"start":{"line":58,"column":4},"end":{"line":80,"column":4}}},"7":{"name":"repayLoan","line":85,"loc":{"start":{"line":85,"column":4},"end":{"line":129,"column":4}}},"8":{"name":"distributeFunds","line":133,"loc":{"start":{"line":133,"column":4},"end":{"line":171,"column":4}}},"9":{"name":"AllSavingsAndLoans","line":177,"loc":{"start":{"line":174,"column":4},"end":{"line":185,"column":4}}},"10":{"name":"MySavingsAndLoan","line":190,"loc":{"start":{"line":187,"column":4},"end":{"line":199,"column":4}}}},"statementMap":{"1":{"start":{"line":21,"column":8},"end":{"line":21,"column":73}},"2":{"start":{"line":26,"column":8},"end":{"line":26,"column":634}},"3":{"start":{"line":41,"column":8},"end":{"line":41,"column":66}},"4":{"start":{"line":43,"column":8},"end":{"line":43,"column":31}},"5":{"start":{"line":44,"column":8},"end":{"line":44,"column":33}},"6":{"start":{"line":50,"column":8},"end":{"line":50,"column":54}},"7":{"start":{"line":53,"column":8},"end":{"line":53,"column":45}},"8":{"start":{"line":59,"column":8},"end":{"line":59,"column":1616}},"9":{"start":{"line":63,"column":8},"end":{"line":63,"column":76}},"10":{"start":{"line":64,"column":8},"end":{"line":64,"column":1821}},"11":{"start":{"line":69,"column":8},"end":{"line":69,"column":1952}},"12":{"start":{"line":78,"column":8},"end":{"line":78,"column":44}},"13":{"start":{"line":79,"column":8},"end":{"line":79,"column":43}},"14":{"start":{"line":86,"column":8},"end":{"line":86,"column":51}},"15":{"start":{"line":87,"column":8},"end":{"line":87,"column":55}},"16":{"start":{"line":89,"column":8},"end":{"line":89,"column":2619}},"17":{"start":{"line":91,"column":8},"end":{"line":91,"column":28}},"18":{"start":{"line":93,"column":8},"end":{"line":93,"column":2739}},"19":{"start":{"line":95,"column":12},"end":{"line":95,"column":2822}},"20":{"start":{"line":97,"column":19},"end":{"line":97,"column":2902}},"21":{"start":{"line":99,"column":19},"end":{"line":99,"column":3003}},"22":{"start":{"line":110,"column":8},"end":{"line":110,"column":3343}},"23":{"start":{"line":115,"column":8},"end":{"line":115,"column":75}},"24":{"start":{"line":116,"column":8},"end":{"line":116,"column":70}},"25":{"start":{"line":122,"column":8},"end":{"line":122,"column":45}},"26":{"start":{"line":125,"column":8},"end":{"line":125,"column":3880}},"27":{"start":{"line":127,"column":12},"end":{"line":127,"column":42}},"28":{"start":{"line":134,"column":8},"end":{"line":134,"column":4129}},"29":{"start":{"line":138,"column":8},"end":{"line":138,"column":60}},"30":{"start":{"line":140,"column":8},"end":{"line":140,"column":50}},"31":{"start":{"line":141,"column":8},"end":{"line":141,"column":39}},"32":{"start":{"line":142,"column":8},"end":{"line":142,"column":29}},"33":{"start":{"line":144,"column":8},"end":{"line":144,"column":4465}},"34":{"start":{"line":148,"column":8},"end":{"line":148,"column":4578}},"35":{"start":{"line":152,"column":8},"end":{"line":152,"column":4681}},"36":{"start":{"line":153,"column":12},"end":{"line":153,"column":39}},"37":{"start":{"line":154,"column":12},"end":{"line":154,"column":4810}},"38":{"start":{"line":156,"column":16},"end":{"line":156,"column":4932}},"39":{"start":{"line":160,"column":16},"end":{"line":160,"column":5086}},"40":{"start":{"line":161,"column":20},"end":{"line":161,"column":69}},"41":{"start":{"line":165,"column":16},"end":{"line":165,"column":50}},"42":{"start":{"line":166,"column":16},"end":{"line":166,"column":50}},"43":{"start":{"line":184,"column":8},"end":{"line":184,"column":70}},"44":{"start":{"line":193,"column":8},"end":{"line":193,"column":51}},"45":{"start":{"line":194,"column":8},"end":{"line":194,"column":6158}}},"branchMap":{"1":{"line":21,"type":"if","locations":[{"start":{"line":21,"column":8},"end":{"line":21,"column":8}},{"start":{"line":21,"column":8},"end":{"line":21,"column":8}}]},"2":{"line":26,"type":"if","locations":[{"start":{"line":26,"column":8},"end":{"line":26,"column":8}},{"start":{"line":26,"column":8},"end":{"line":26,"column":8}}]},"3":{"line":40,"type":"if","locations":[{"start":{"line":40,"column":49},"end":{"line":40,"column":49}},{"start":{"line":40,"column":49},"end":{"line":40,"column":49}}]},"4":{"line":41,"type":"if","locations":[{"start":{"line":41,"column":8},"end":{"line":41,"column":8}},{"start":{"line":41,"column":8},"end":{"line":41,"column":8}}]},"5":{"line":49,"type":"if","locations":[{"start":{"line":49,"column":37},"end":{"line":49,"column":37}},{"start":{"line":49,"column":37},"end":{"line":49,"column":37}}]},"6":{"line":50,"type":"if","locations":[{"start":{"line":50,"column":8},"end":{"line":50,"column":8}},{"start":{"line":50,"column":8},"end":{"line":50,"column":8}}]},"7":{"line":58,"type":"if","locations":[{"start":{"line":58,"column":51},"end":{"line":58,"column":51}},{"start":{"line":58,"column":51},"end":{"line":58,"column":51}}]},"8":{"line":59,"type":"if","locations":[{"start":{"line":59,"column":8},"end":{"line":59,"column":8}},{"start":{"line":59,"column":8},"end":{"line":59,"column":8}}]},"9":{"line":63,"type":"if","locations":[{"start":{"line":63,"column":8},"end":{"line":63,"column":8}},{"start":{"line":63,"column":8},"end":{"line":63,"column":8}}]},"10":{"line":64,"type":"if","locations":[{"start":{"line":64,"column":8},"end":{"line":64,"column":8}},{"start":{"line":64,"column":8},"end":{"line":64,"column":8}}]},"11":{"line":69,"type":"if","locations":[{"start":{"line":69,"column":8},"end":{"line":69,"column":8}},{"start":{"line":69,"column":8},"end":{"line":69,"column":8}}]},"12":{"line":85,"type":"if","locations":[{"start":{"line":85,"column":42},"end":{"line":85,"column":42}},{"start":{"line":85,"column":42},"end":{"line":85,"column":42}}]},"13":{"line":87,"type":"if","locations":[{"start":{"line":87,"column":8},"end":{"line":87,"column":8}},{"start":{"line":87,"column":8},"end":{"line":87,"column":8}}]},"14":{"line":93,"type":"if","locations":[{"start":{"line":93,"column":8},"end":{"line":93,"column":8}},{"start":{"line":93,"column":8},"end":{"line":93,"column":8}}]},"15":{"line":95,"type":"if","locations":[{"start":{"line":95,"column":12},"end":{"line":95,"column":12}},{"start":{"line":95,"column":12},"end":{"line":95,"column":12}}]},"16":{"line":97,"type":"if","locations":[{"start":{"line":97,"column":19},"end":{"line":97,"column":19}},{"start":{"line":97,"column":19},"end":{"line":97,"column":19}}]},"17":{"line":99,"type":"if","locations":[{"start":{"line":99,"column":19},"end":{"line":99,"column":19}},{"start":{"line":99,"column":19},"end":{"line":99,"column":19}}]},"18":{"line":110,"type":"if","locations":[{"start":{"line":110,"column":8},"end":{"line":110,"column":8}},{"start":{"line":110,"column":8},"end":{"line":110,"column":8}}]},"19":{"line":116,"type":"if","locations":[{"start":{"line":116,"column":8},"end":{"line":116,"column":8}},{"start":{"line":116,"column":8},"end":{"line":116,"column":8}}]},"20":{"line":125,"type":"if","locations":[{"start":{"line":125,"column":8},"end":{"line":125,"column":8}},{"start":{"line":125,"column":8},"end":{"line":125,"column":8}}]},"21":{"line":133,"type":"if","locations":[{"start":{"line":133,"column":40},"end":{"line":133,"column":40}},{"start":{"line":133,"column":40},"end":{"line":133,"column":40}}]},"22":{"line":134,"type":"if","locations":[{"start":{"line":134,"column":8},"end":{"line":134,"column":8}},{"start":{"line":134,"column":8},"end":{"line":134,"column":8}}]},"23":{"line":138,"type":"if","locations":[{"start":{"line":138,"column":8},"end":{"line":138,"column":8}},{"start":{"line":138,"column":8},"end":{"line":138,"column":8}}]},"24":{"line":144,"type":"if","locations":[{"start":{"line":144,"column":8},"end":{"line":144,"column":8}},{"start":{"line":144,"column":8},"end":{"line":144,"column":8}}]},"25":{"line":148,"type":"if","locations":[{"start":{"line":148,"column":8},"end":{"line":148,"column":8}},{"start":{"line":148,"column":8},"end":{"line":148,"column":8}}]},"26":{"line":154,"type":"if","locations":[{"start":{"line":154,"column":12},"end":{"line":154,"column":12}},{"start":{"line":154,"column":12},"end":{"line":154,"column":12}}]},"27":{"line":160,"type":"if","locations":[{"start":{"line":160,"column":16},"end":{"line":160,"column":16}},{"start":{"line":160,"column":16},"end":{"line":160,"column":16}}]},"28":{"line":177,"type":"if","locations":[{"start":{"line":177,"column":8},"end":{"line":177,"column":8}},{"start":{"line":177,"column":8},"end":{"line":177,"column":8}}]},"29":{"line":190,"type":"if","locations":[{"start":{"line":190,"column":8},"end":{"line":190,"column":8}},{"start":{"line":190,"column":8},"end":{"line":190,"column":8}}]}}}}