TN:
SF:/home/almarat/SOLIDITY PROJECT/Mary-go-round-Dapp/contracts/ERC20.sol
FN:19,constructor
FN:27,transfer
FN:35,approve
FN:42,transferFrom
FN:57,_transfer
FN:73,_mint
FNF:6
FNH:6
FNDA:1,constructor
FNDA:5,transfer
FNDA:4,approve
FNDA:3,transferFrom
FNDA:6,_transfer
FNDA:1,_mint
DA:20,1
DA:21,1
DA:22,1
DA:24,1
DA:31,5
DA:32,2
DA:36,4
DA:37,4
DA:38,4
DA:39,4
DA:47,3
DA:48,2
DA:52,1
DA:54,1
DA:62,6
DA:63,4
DA:65,4
DA:66,3
DA:67,3
DA:69,3
DA:70,3
DA:74,1
DA:76,1
DA:77,1
DA:78,1
LF:25
LH:25
BRDA:36,1,0,4
BRDA:36,1,1,0
BRDA:47,2,0,2
BRDA:47,2,1,1
BRDA:48,3,0,1
BRDA:48,3,1,1
BRDA:62,4,0,4
BRDA:62,4,1,2
BRDA:63,5,0,4
BRDA:63,5,1,0
BRDA:65,6,0,3
BRDA:65,6,1,1
BRDA:74,7,0,1
BRDA:74,7,1,0
BRF:14
BRH:11
end_of_record
TN:
SF:/home/almarat/SOLIDITY PROJECT/Mary-go-round-Dapp/contracts/Marygoround.sol
FN:20,onlyOwner
FN:25,onlyMember
FN:33,constructor
FN:40,addMember
FN:49,save
FN:58,requestLoan
FN:85,repayLoan
FN:133,distributeFunds
FN:177,AllSavingsAndLoans
FN:190,MySavingsAndLoan
FNF:10
FNH:10
FNDA:92,onlyOwner
FNDA:40,onlyMember
FNDA:1,constructor
FNDA:91,addMember
FNDA:18,save
FNDA:10,requestLoan
FNDA:7,repayLoan
FNDA:2,distributeFunds
FNDA:1,AllSavingsAndLoans
FNDA:1,MySavingsAndLoan
DA:21,92
DA:22,91
DA:26,40
DA:30,39
DA:34,1
DA:35,1
DA:41,91
DA:42,90
DA:43,90
DA:44,90
DA:50,18
DA:51,17
DA:52,17
DA:53,17
DA:59,10
DA:63,10
DA:64,9
DA:69,8
DA:74,7
DA:75,7
DA:76,7
DA:78,7
DA:79,7
DA:86,7
DA:87,7
DA:89,6
DA:91,6
DA:93,6
DA:95,5
DA:96,1
DA:98,1
DA:100,2
DA:102,1
DA:106,1
DA:110,6
DA:115,6
DA:116,6
DA:118,5
DA:119,5
DA:120,5
DA:122,5
DA:125,5
DA:126,1
DA:127,1
DA:134,2
DA:138,1
DA:140,1
DA:141,1
DA:142,1
DA:144,1
DA:145,1
DA:148,1
DA:149,0
DA:152,1
DA:153,10
DA:154,10
DA:156,10
DA:160,10
DA:161,0
DA:162,0
DA:165,10
DA:166,10
DA:170,1
DA:184,1
DA:193,1
DA:194,1
LF:66
LH:63
BRDA:21,1,0,91
BRDA:21,1,1,1
BRDA:26,2,0,39
BRDA:26,2,1,1
BRDA:40,3,0,91
BRDA:40,3,1,1
BRDA:41,4,0,90
BRDA:41,4,1,1
BRDA:49,5,0,18
BRDA:49,5,1,0
BRDA:50,6,0,17
BRDA:50,6,1,1
BRDA:58,7,0,10
BRDA:58,7,1,0
BRDA:59,8,0,10
BRDA:59,8,1,0
BRDA:63,9,0,9
BRDA:63,9,1,1
BRDA:64,10,0,8
BRDA:64,10,1,1
BRDA:69,11,0,7
BRDA:69,11,1,1
BRDA:85,12,0,7
BRDA:85,12,1,0
BRDA:87,13,0,6
BRDA:87,13,1,1
BRDA:93,14,0,5
BRDA:93,14,1,1
BRDA:95,15,0,1
BRDA:95,15,1,4
BRDA:97,16,0,1
BRDA:97,16,1,3
BRDA:99,17,0,2
BRDA:99,17,1,1
BRDA:110,18,0,6
BRDA:110,18,1,0
BRDA:116,19,0,5
BRDA:116,19,1,1
BRDA:125,20,0,1
BRDA:125,20,1,4
BRDA:133,21,0,2
BRDA:133,21,1,1
BRDA:134,22,0,1
BRDA:134,22,1,1
BRDA:138,23,0,1
BRDA:138,23,1,0
BRDA:144,24,0,1
BRDA:144,24,1,0
BRDA:148,25,0,0
BRDA:148,25,1,1
BRDA:154,26,0,10
BRDA:154,26,1,0
BRDA:160,27,0,0
BRDA:160,27,1,10
BRDA:177,28,0,1
BRDA:177,28,1,0
BRDA:190,29,0,1
BRDA:190,29,1,0
BRF:58
BRH:46
end_of_record
